<?xml version="1.0" encoding="UTF-8"?>
<testng-results skipped="0" failed="0" total="1" passed="1">
  <reporter-output>
  </reporter-output>
  <suite name="Default suite" duration-ms="271" started-at="2021-08-10T04:42:31Z" finished-at="2021-08-10T04:42:31Z">
    <groups>
    </groups>
    <test name="Default test" duration-ms="271" started-at="2021-08-10T04:42:31Z" finished-at="2021-08-10T04:42:31Z">
      <class name="org.lax.TestSample">
        <test-method status="PASS" signature="beforeClass()[pri:0, instance:org.lax.TestSample@29774679]" name="beforeClass" is-config="true" duration-ms="148" started-at="2021-08-10T10:12:31Z" finished-at="2021-08-10T10:12:31Z">
          <reporter-output>
          </reporter-output>
        </test-method> <!-- beforeClass -->
        <test-method status="PASS" signature="tc01()[pri:0, instance:org.lax.TestSample@29774679]" name="tc01" duration-ms="12" started-at="2021-08-10T10:12:31Z" finished-at="2021-08-10T10:12:31Z">
          <reporter-output>
          </reporter-output>
        </test-method> <!-- tc01 -->
        <test-method status="PASS" signature="beforeMethod()[pri:0, instance:org.lax.TestSample@29774679]" name="beforeMethod" is-config="true" duration-ms="0" started-at="2021-08-10T10:12:31Z" finished-at="2021-08-10T10:12:31Z">
          <reporter-output>
          </reporter-output>
        </test-method> <!-- beforeMethod -->
        <test-method status="PASS" signature="afterMethod()[pri:0, instance:org.lax.TestSample@29774679]" name="afterMethod" is-config="true" duration-ms="1" started-at="2021-08-10T10:12:31Z" finished-at="2021-08-10T10:12:31Z">
          <reporter-output>
          </reporter-output>
        </test-method> <!-- afterMethod -->
        <test-method status="PASS" signature="afterClass()[pri:0, instance:org.lax.TestSample@29774679]" name="afterClass" is-config="true" duration-ms="0" started-at="2021-08-10T10:12:31Z" finished-at="2021-08-10T10:12:31Z">
          <reporter-output>
          </reporter-output>
        </test-method> <!-- afterClass -->
      </class> <!-- org.lax.TestSample -->
    </test> <!-- Default test -->
  </suite> <!-- Default suite -->
</testng-results>
